::1 - - [24/Feb/2025:16:05:02 -0300] "GET /phpmyadmin HTTP/1.1" 301 241
::1 - - [24/Feb/2025:16:05:02 -0300] "GET /phpmyadmin/ HTTP/1.1" 200 3700
::1 - - [24/Feb/2025:16:05:03 -0300] "GET /phpmyadmin/themes/pmahomme/jquery/jquery-ui.css HTTP/1.1" 200 37878
::1 - - [24/Feb/2025:16:05:03 -0300] "GET /phpmyadmin/js/vendor/codemirror/lib/codemirror.css?v=4.9.5 HTTP/1.1" 200 9054
::1 - - [24/Feb/2025:16:05:03 -0300] "GET /phpmyadmin/js/vendor/codemirror/addon/hint/show-hint.css?v=4.9.5 HTTP/1.1" 200 659
::1 - - [24/Feb/2025:16:05:03 -0300] "GET /phpmyadmin/js/vendor/codemirror/addon/lint/lint.css?v=4.9.5 HTTP/1.1" 200 3072
::1 - - [24/Feb/2025:16:05:03 -0300] "GET /phpmyadmin/js/vendor/sprintf.js?v=4.9.5 HTTP/1.1" 200 7598
::1 - - [24/Feb/2025:16:05:03 -0300] "GET /phpmyadmin/js/vendor/jquery/jquery-migrate.js?v=4.9.5 HTTP/1.1" 200 19751
::1 - - [24/Feb/2025:16:05:03 -0300] "GET /phpmyadmin/js/vendor/jquery/jquery.min.js?v=4.9.5 HTTP/1.1" 200 88147
::1 - - [24/Feb/2025:16:05:03 -0300] "GET /phpmyadmin/js/keyhandler.js?v=4.9.5 HTTP/1.1" 200 3473
::1 - - [24/Feb/2025:16:05:03 -0300] "GET /phpmyadmin/js/ajax.js?v=4.9.5 HTTP/1.1" 200 32080
::1 - - [24/Feb/2025:16:05:03 -0300] "GET /phpmyadmin/js/vendor/js.cookie.js?v=4.9.5 HTTP/1.1" 200 4046
::1 - - [24/Feb/2025:16:05:03 -0300] "GET /phpmyadmin/js/vendor/jquery/jquery.mousewheel.js?v=4.9.5 HTTP/1.1" 200 8488
::1 - - [24/Feb/2025:16:05:03 -0300] "GET /phpmyadmin/js/vendor/jquery/jquery.event.drag-2.2.js?v=4.9.5 HTTP/1.1" 200 13227
::1 - - [24/Feb/2025:16:05:03 -0300] "GET /phpmyadmin/js/vendor/jquery/jquery-ui-timepicker-addon.js?v=4.9.5 HTTP/1.1" 200 80766
::1 - - [24/Feb/2025:16:05:03 -0300] "GET /phpmyadmin/js/vendor/jquery/jquery.validate.js?v=4.9.5 HTTP/1.1" 200 52319
::1 - - [24/Feb/2025:16:05:03 -0300] "GET /phpmyadmin/js/vendor/jquery/jquery.ba-hashchange-1.3.js?v=4.9.5 HTTP/1.1" 200 16912
::1 - - [24/Feb/2025:16:05:03 -0300] "GET /phpmyadmin/js/vendor/jquery/jquery-ui.min.js?v=4.9.5 HTTP/1.1" 200 253694
::1 - - [24/Feb/2025:16:05:03 -0300] "GET /phpmyadmin/js/vendor/jquery/jquery.debounce-1.0.5.js?v=4.9.5 HTTP/1.1" 200 1239
::1 - - [24/Feb/2025:16:05:03 -0300] "GET /phpmyadmin/js/menu-resizer.js?v=4.9.5 HTTP/1.1" 200 8540
::1 - - [24/Feb/2025:16:05:03 -0300] "GET /phpmyadmin/js/cross_framing_protection.js?v=4.9.5 HTTP/1.1" 200 485
::1 - - [24/Feb/2025:16:05:03 -0300] "GET /phpmyadmin/js/error_report.js?v=4.9.5 HTTP/1.1" 200 11163
::1 - - [24/Feb/2025:16:05:03 -0300] "GET /phpmyadmin/js/rte.js?v=4.9.5 HTTP/1.1" 200 48763
::1 - - [24/Feb/2025:16:05:03 -0300] "GET /phpmyadmin/js/vendor/tracekit.js?v=4.9.5 HTTP/1.1" 200 46666
::1 - - [24/Feb/2025:16:05:03 -0300] "GET /phpmyadmin/js/doclinks.js?v=4.9.5 HTTP/1.1" 200 21008
::1 - - [24/Feb/2025:16:05:03 -0300] "GET /phpmyadmin/js/config.js?v=4.9.5 HTTP/1.1" 200 28412
::1 - - [24/Feb/2025:16:05:03 -0300] "GET /phpmyadmin/js/functions.js?v=4.9.5 HTTP/1.1" 200 180614
::1 - - [24/Feb/2025:16:05:03 -0300] "GET /phpmyadmin/js/common.js?v=4.9.5 HTTP/1.1" 200 19746
::1 - - [24/Feb/2025:16:05:03 -0300] "GET /phpmyadmin/js/indexes.js?v=4.9.5 HTTP/1.1" 200 28415
::1 - - [24/Feb/2025:16:05:03 -0300] "GET /phpmyadmin/js/navigation.js?v=4.9.5 HTTP/1.1" 200 62456
::1 - - [24/Feb/2025:16:05:03 -0300] "GET /phpmyadmin/js/page_settings.js?v=4.9.5 HTTP/1.1" 200 1808
::1 - - [24/Feb/2025:16:05:03 -0300] "GET /phpmyadmin/js/shortcuts_handler.js?v=4.9.5 HTTP/1.1" 200 3365
::1 - - [24/Feb/2025:16:05:03 -0300] "GET /phpmyadmin/js/messages.php?l=pt_BR&v=4.9.5 HTTP/1.1" 200 10073
::1 - - [24/Feb/2025:16:05:03 -0300] "GET /phpmyadmin/js/vendor/codemirror/addon/runmode/runmode.js?v=4.9.5 HTTP/1.1" 200 2572
::1 - - [24/Feb/2025:16:05:03 -0300] "GET /phpmyadmin/js/vendor/codemirror/addon/hint/show-hint.js?v=4.9.5 HTTP/1.1" 200 17838
::1 - - [24/Feb/2025:16:05:03 -0300] "GET /phpmyadmin/js/vendor/codemirror/mode/sql/sql.js?v=4.9.5 HTTP/1.1" 200 47945
::1 - - [24/Feb/2025:16:05:03 -0300] "GET /phpmyadmin/js/vendor/codemirror/addon/hint/sql-hint.js?v=4.9.5 HTTP/1.1" 200 9903
::1 - - [24/Feb/2025:16:05:03 -0300] "GET /phpmyadmin/js/vendor/codemirror/lib/codemirror.js?v=4.9.5 HTTP/1.1" 200 405425
::1 - - [24/Feb/2025:16:05:03 -0300] "GET /phpmyadmin/js/codemirror/addon/lint/sql-lint.js?v=4.9.5 HTTP/1.1" 200 1086
::1 - - [24/Feb/2025:16:05:03 -0300] "GET /phpmyadmin/js/vendor/codemirror/addon/lint/lint.js?v=4.9.5 HTTP/1.1" 200 8862
::1 - - [24/Feb/2025:16:05:03 -0300] "GET /phpmyadmin/themes/pmahomme/img/logo_right.png HTTP/1.1" 200 4306
::1 - - [24/Feb/2025:16:05:03 -0300] "GET /phpmyadmin/themes/dot.gif HTTP/1.1" 200 43
::1 - - [24/Feb/2025:16:05:03 -0300] "GET /phpmyadmin/js/console.js?v=4.9.5 HTTP/1.1" 200 58775
::1 - - [24/Feb/2025:16:05:03 -0300] "GET /phpmyadmin/phpmyadmin.css.php?nocache=3480847967ltr&server=1 HTTP/1.1" 200 21047
::1 - - [24/Feb/2025:16:05:03 -0300] "GET /phpmyadmin/themes/pmahomme/css/printview.css?v=4.9.5 HTTP/1.1" 200 2915
::1 - - [24/Feb/2025:16:05:03 -0300] "GET /phpmyadmin/js/whitelist.php?v=4.9.5 HTTP/1.1" 200 491
::1 - - [24/Feb/2025:16:05:04 -0300] "GET /phpmyadmin/themes/pmahomme/img/s_error.png HTTP/1.1" 200 614
::1 - - [24/Feb/2025:16:05:04 -0300] "GET /phpmyadmin/themes/pmahomme/img/b_help.png HTTP/1.1" 200 705
::1 - - [24/Feb/2025:16:05:04 -0300] "GET /phpmyadmin/favicon.ico HTTP/1.1" 200 22486
::1 - - [24/Feb/2025:16:05:08 -0300] "POST /phpmyadmin/index.php HTTP/1.1" 200 3700
::1 - - [24/Feb/2025:16:05:13 -0300] "POST /phpmyadmin/index.php HTTP/1.1" 302 20
::1 - - [24/Feb/2025:16:05:13 -0300] "GET /phpmyadmin/index.php HTTP/1.1" 200 14905
::1 - - [24/Feb/2025:16:05:14 -0300] "GET /phpmyadmin/themes/pmahomme/jquery/jquery-ui.css HTTP/1.1" 304 -
::1 - - [24/Feb/2025:16:05:14 -0300] "GET /phpmyadmin/js/vendor/codemirror/lib/codemirror.css?v=4.9.5 HTTP/1.1" 304 -
::1 - - [24/Feb/2025:16:05:14 -0300] "GET /phpmyadmin/js/vendor/codemirror/addon/hint/show-hint.css?v=4.9.5 HTTP/1.1" 304 -
::1 - - [24/Feb/2025:16:05:14 -0300] "GET /phpmyadmin/js/vendor/codemirror/addon/lint/lint.css?v=4.9.5 HTTP/1.1" 304 -
::1 - - [24/Feb/2025:16:05:14 -0300] "GET /phpmyadmin/js/vendor/jquery/jquery.min.js?v=4.9.5 HTTP/1.1" 304 -
::1 - - [24/Feb/2025:16:05:14 -0300] "GET /phpmyadmin/js/vendor/jquery/jquery-migrate.js?v=4.9.5 HTTP/1.1" 304 -
::1 - - [24/Feb/2025:16:05:14 -0300] "GET /phpmyadmin/js/ajax.js?v=4.9.5 HTTP/1.1" 304 -
::1 - - [24/Feb/2025:16:05:14 -0300] "GET /phpmyadmin/js/vendor/sprintf.js?v=4.9.5 HTTP/1.1" 304 -
::1 - - [24/Feb/2025:16:05:14 -0300] "GET /phpmyadmin/js/keyhandler.js?v=4.9.5 HTTP/1.1" 304 -
::1 - - [24/Feb/2025:16:05:14 -0300] "GET /phpmyadmin/js/vendor/js.cookie.js?v=4.9.5 HTTP/1.1" 304 -
::1 - - [24/Feb/2025:16:05:14 -0300] "GET /phpmyadmin/js/vendor/jquery/jquery-ui.min.js?v=4.9.5 HTTP/1.1" 304 -
::1 - - [24/Feb/2025:16:05:14 -0300] "GET /phpmyadmin/js/vendor/jquery/jquery.mousewheel.js?v=4.9.5 HTTP/1.1" 304 -
::1 - - [24/Feb/2025:16:05:14 -0300] "GET /phpmyadmin/js/vendor/jquery/jquery.event.drag-2.2.js?v=4.9.5 HTTP/1.1" 304 -
::1 - - [24/Feb/2025:16:05:14 -0300] "GET /phpmyadmin/js/vendor/jquery/jquery.validate.js?v=4.9.5 HTTP/1.1" 304 -
::1 - - [24/Feb/2025:16:05:14 -0300] "GET /phpmyadmin/js/vendor/jquery/jquery-ui-timepicker-addon.js?v=4.9.5 HTTP/1.1" 304 -
::1 - - [24/Feb/2025:16:05:14 -0300] "GET /phpmyadmin/js/vendor/jquery/jquery.ba-hashchange-1.3.js?v=4.9.5 HTTP/1.1" 304 -
::1 - - [24/Feb/2025:16:05:14 -0300] "GET /phpmyadmin/js/vendor/jquery/jquery.debounce-1.0.5.js?v=4.9.5 HTTP/1.1" 304 -
::1 - - [24/Feb/2025:16:05:14 -0300] "GET /phpmyadmin/js/menu-resizer.js?v=4.9.5 HTTP/1.1" 304 -
::1 - - [24/Feb/2025:16:05:14 -0300] "GET /phpmyadmin/js/cross_framing_protection.js?v=4.9.5 HTTP/1.1" 304 -
::1 - - [24/Feb/2025:16:05:14 -0300] "GET /phpmyadmin/js/rte.js?v=4.9.5 HTTP/1.1" 304 -
::1 - - [24/Feb/2025:16:05:14 -0300] "GET /phpmyadmin/js/vendor/tracekit.js?v=4.9.5 HTTP/1.1" 304 -
::1 - - [24/Feb/2025:16:05:14 -0300] "GET /phpmyadmin/js/error_report.js?v=4.9.5 HTTP/1.1" 304 -
::1 - - [24/Feb/2025:16:05:14 -0300] "GET /phpmyadmin/js/config.js?v=4.9.5 HTTP/1.1" 304 -
::1 - - [24/Feb/2025:16:05:14 -0300] "GET /phpmyadmin/js/doclinks.js?v=4.9.5 HTTP/1.1" 304 -
::1 - - [24/Feb/2025:16:05:14 -0300] "GET /phpmyadmin/js/functions.js?v=4.9.5 HTTP/1.1" 304 -
::1 - - [24/Feb/2025:16:05:14 -0300] "GET /phpmyadmin/js/navigation.js?v=4.9.5 HTTP/1.1" 304 -
::1 - - [24/Feb/2025:16:05:14 -0300] "GET /phpmyadmin/js/indexes.js?v=4.9.5 HTTP/1.1" 304 -
::1 - - [24/Feb/2025:16:05:14 -0300] "GET /phpmyadmin/js/common.js?v=4.9.5 HTTP/1.1" 304 -
::1 - - [24/Feb/2025:16:05:14 -0300] "GET /phpmyadmin/js/page_settings.js?v=4.9.5 HTTP/1.1" 304 -
::1 - - [24/Feb/2025:16:05:14 -0300] "GET /phpmyadmin/js/shortcuts_handler.js?v=4.9.5 HTTP/1.1" 304 -
::1 - - [24/Feb/2025:16:05:14 -0300] "GET /phpmyadmin/js/vendor/codemirror/lib/codemirror.js?v=4.9.5 HTTP/1.1" 304 -
::1 - - [24/Feb/2025:16:05:14 -0300] "GET /phpmyadmin/js/vendor/codemirror/mode/sql/sql.js?v=4.9.5 HTTP/1.1" 304 -
::1 - - [24/Feb/2025:16:05:14 -0300] "GET /phpmyadmin/js/vendor/codemirror/addon/runmode/runmode.js?v=4.9.5 HTTP/1.1" 304 -
::1 - - [24/Feb/2025:16:05:14 -0300] "GET /phpmyadmin/js/vendor/codemirror/addon/hint/show-hint.js?v=4.9.5 HTTP/1.1" 304 -
::1 - - [24/Feb/2025:16:05:14 -0300] "GET /phpmyadmin/js/vendor/codemirror/addon/hint/sql-hint.js?v=4.9.5 HTTP/1.1" 304 -
::1 - - [24/Feb/2025:16:05:14 -0300] "GET /phpmyadmin/js/vendor/codemirror/addon/lint/lint.js?v=4.9.5 HTTP/1.1" 304 -
::1 - - [24/Feb/2025:16:05:14 -0300] "GET /phpmyadmin/js/codemirror/addon/lint/sql-lint.js?v=4.9.5 HTTP/1.1" 304 -
::1 - - [24/Feb/2025:16:05:14 -0300] "GET /phpmyadmin/js/console.js?v=4.9.5 HTTP/1.1" 304 -
::1 - - [24/Feb/2025:16:05:14 -0300] "GET /phpmyadmin/themes/dot.gif HTTP/1.1" 304 -
::1 - - [24/Feb/2025:16:05:14 -0300] "GET /phpmyadmin/themes/pmahomme/img/logo_left.png HTTP/1.1" 200 2713
::1 - - [24/Feb/2025:16:05:14 -0300] "GET /phpmyadmin/themes/pmahomme/css/printview.css?v=4.9.5 HTTP/1.1" 304 -
::1 - - [24/Feb/2025:16:05:14 -0300] "GET /phpmyadmin/phpmyadmin.css.php?nocache=5221271880ltr&server=1 HTTP/1.1" 200 21047
::1 - - [24/Feb/2025:16:05:14 -0300] "GET /phpmyadmin/themes/pmahomme/img/left_nav_bg.png HTTP/1.1" 200 146
::1 - - [24/Feb/2025:16:05:14 -0300] "GET /phpmyadmin/themes/pmahomme/img/b_home.png HTTP/1.1" 200 734
::1 - - [24/Feb/2025:16:05:14 -0300] "GET /phpmyadmin/themes/pmahomme/img/s_loggoff.png HTTP/1.1" 200 626
::1 - - [24/Feb/2025:16:05:14 -0300] "GET /phpmyadmin/themes/pmahomme/img/b_docs.png HTTP/1.1" 200 705
::1 - - [24/Feb/2025:16:05:14 -0300] "GET /phpmyadmin/themes/pmahomme/img/b_sqlhelp.png HTTP/1.1" 200 512
::1 - - [24/Feb/2025:16:05:14 -0300] "GET /phpmyadmin/themes/pmahomme/img/s_cog.png HTTP/1.1" 200 442
::1 - - [24/Feb/2025:16:05:14 -0300] "GET /phpmyadmin/themes/pmahomme/img/s_reload.png HTTP/1.1" 200 527
::1 - - [24/Feb/2025:16:05:14 -0300] "GET /phpmyadmin/themes/pmahomme/img/s_link.png HTTP/1.1" 200 280
::1 - - [24/Feb/2025:16:05:14 -0300] "GET /phpmyadmin/themes/pmahomme/img/b_newdb.png HTTP/1.1" 200 585
::1 - - [24/Feb/2025:16:05:14 -0300] "GET /phpmyadmin/themes/pmahomme/img/b_plus.png HTTP/1.1" 200 143
::1 - - [24/Feb/2025:16:05:14 -0300] "GET /phpmyadmin/themes/pmahomme/img/s_db.png HTTP/1.1" 200 328
::1 - - [24/Feb/2025:16:05:14 -0300] "GET /phpmyadmin/themes/pmahomme/img/s_host.png HTTP/1.1" 200 591
::1 - - [24/Feb/2025:16:05:14 -0300] "GET /phpmyadmin/themes/pmahomme/img/b_sql.png HTTP/1.1" 200 680
::1 - - [24/Feb/2025:16:05:14 -0300] "GET /phpmyadmin/themes/pmahomme/img/s_rights.png HTTP/1.1" 200 461
::1 - - [24/Feb/2025:16:05:14 -0300] "GET /phpmyadmin/themes/pmahomme/img/s_status.png HTTP/1.1" 200 600
::1 - - [24/Feb/2025:16:05:14 -0300] "GET /phpmyadmin/themes/pmahomme/img/b_export.png HTTP/1.1" 200 514
::1 - - [24/Feb/2025:16:05:14 -0300] "GET /phpmyadmin/themes/pmahomme/img/b_import.png HTTP/1.1" 200 556
::1 - - [24/Feb/2025:16:05:14 -0300] "GET /phpmyadmin/themes/pmahomme/img/s_tbl.png HTTP/1.1" 200 645
::1 - - [24/Feb/2025:16:05:14 -0300] "GET /phpmyadmin/themes/pmahomme/img/b_tblops.png HTTP/1.1" 200 537
::1 - - [24/Feb/2025:16:05:14 -0300] "GET /phpmyadmin/themes/pmahomme/img/console.png HTTP/1.1" 200 292
::1 - - [24/Feb/2025:16:05:14 -0300] "GET /phpmyadmin/themes/pmahomme/img/s_asci.png HTTP/1.1" 200 148
::1 - - [24/Feb/2025:16:05:14 -0300] "GET /phpmyadmin/themes/pmahomme/img/s_replication.png HTTP/1.1" 200 399
::1 - - [24/Feb/2025:16:05:14 -0300] "GET /phpmyadmin/themes/pmahomme/img/b_plugin.png HTTP/1.1" 200 512
::1 - - [24/Feb/2025:16:05:14 -0300] "GET /phpmyadmin/themes/pmahomme/img/b_engine.png HTTP/1.1" 200 398
::1 - - [24/Feb/2025:16:05:14 -0300] "GET /phpmyadmin/themes/pmahomme/img/s_vars.png HTTP/1.1" 200 523
::1 - - [24/Feb/2025:16:05:14 -0300] "GET /phpmyadmin/themes/pmahomme/img/b_help.png HTTP/1.1" 304 -
::1 - - [24/Feb/2025:16:05:14 -0300] "GET /phpmyadmin/themes/pmahomme/img/s_top.png HTTP/1.1" 200 220
::1 - - [24/Feb/2025:16:05:14 -0300] "GET /phpmyadmin/themes/pmahomme/img/s_passwd.png HTTP/1.1" 200 331
::1 - - [24/Feb/2025:16:05:14 -0300] "GET /phpmyadmin/themes/pmahomme/img/s_lang.png HTTP/1.1" 200 659
::1 - - [24/Feb/2025:16:05:14 -0300] "GET /phpmyadmin/themes/pmahomme/img/s_theme.png HTTP/1.1" 200 772
::1 - - [24/Feb/2025:16:05:14 -0300] "GET /phpmyadmin/themes/pmahomme/img/s_notice.png HTTP/1.1" 200 567
::1 - - [24/Feb/2025:16:05:14 -0300] "GET /phpmyadmin/themes/pmahomme/img/window-new.png HTTP/1.1" 200 468
::1 - - [24/Feb/2025:16:05:14 -0300] "GET /phpmyadmin/themes/pmahomme/img/s_error.png HTTP/1.1" 304 -
::1 - - [24/Feb/2025:16:05:14 -0300] "POST /phpmyadmin/ajax.php HTTP/1.1" 200 1481
::1 - - [24/Feb/2025:16:05:14 -0300] "GET /phpmyadmin/themes/pmahomme/img/b_more.png HTTP/1.1" 200 111
::1 - - [24/Feb/2025:16:05:14 -0300] "POST /phpmyadmin/navigation.php?ajax_request=1 HTTP/1.1" 200 2131
::1 - - [24/Feb/2025:16:05:14 -0300] "POST /phpmyadmin/ajax.php HTTP/1.1" 200 1576
::1 - - [24/Feb/2025:16:05:15 -0300] "POST /phpmyadmin/ajax.php HTTP/1.1" 200 1473
::1 - - [24/Feb/2025:16:05:15 -0300] "POST /phpmyadmin/version_check.php HTTP/1.1" 200 64
::1 - - [24/Feb/2025:16:05:19 -0300] "GET /phpmyadmin/index.php HTTP/1.1" 200 14905
::1 - - [24/Feb/2025:16:05:21 -0300] "GET /phpmyadmin/phpmyadmin.css.php?nocache=5221271882ltr&server=1 HTTP/1.1" 200 21047
::1 - - [24/Feb/2025:16:05:21 -0300] "POST /phpmyadmin/ajax.php HTTP/1.1" 200 1481
::1 - - [24/Feb/2025:16:05:21 -0300] "POST /phpmyadmin/navigation.php?ajax_request=1 HTTP/1.1" 200 2131
::1 - - [24/Feb/2025:16:05:21 -0300] "POST /phpmyadmin/ajax.php HTTP/1.1" 200 1577
::1 - - [24/Feb/2025:16:05:21 -0300] "POST /phpmyadmin/ajax.php HTTP/1.1" 200 1473
::1 - - [24/Feb/2025:16:05:21 -0300] "POST /phpmyadmin/version_check.php HTTP/1.1" 200 64
::1 - - [24/Feb/2025:16:05:22 -0300] "GET /phpmyadmin/ HTTP/1.1" 200 14905
::1 - - [24/Feb/2025:16:05:22 -0300] "GET /phpmyadmin/phpmyadmin.css.php?nocache=5221271888ltr&server=1 HTTP/1.1" 200 21047
::1 - - [24/Feb/2025:16:05:22 -0300] "POST /phpmyadmin/ajax.php HTTP/1.1" 200 1481
::1 - - [24/Feb/2025:16:05:22 -0300] "GET /phpmyadmin/themes/pmahomme/img/b_more.png HTTP/1.1" 304 -
::1 - - [24/Feb/2025:16:05:22 -0300] "POST /phpmyadmin/navigation.php?ajax_request=1 HTTP/1.1" 200 2131
::1 - - [24/Feb/2025:16:05:22 -0300] "POST /phpmyadmin/ajax.php HTTP/1.1" 200 1577
::1 - - [24/Feb/2025:16:05:22 -0300] "POST /phpmyadmin/ajax.php HTTP/1.1" 200 1473
::1 - - [24/Feb/2025:16:05:22 -0300] "POST /phpmyadmin/version_check.php HTTP/1.1" 200 64
