2019-12-16 15:54:06 4412 [Note] Plugin 'FEDERATED' is disabled.
2019-12-16 15:54:06 4412 [Note] InnoDB: Using atomics to ref count buffer pool pages
2019-12-16 15:54:06 4412 [Note] InnoDB: The InnoDB memory heap is disabled
2019-12-16 15:54:06 4412 [Note] InnoDB: Mutexes and rw_locks use Windows interlocked functions
2019-12-16 15:54:06 4412 [Note] InnoDB: Memory barrier is not used
2019-12-16 15:54:06 4412 [Note] InnoDB: Compressed tables use zlib 1.2.3
2019-12-16 15:54:06 4412 [Note] InnoDB: Not using CPU crc32 instructions
2019-12-16 15:54:06 4412 [Note] InnoDB: Initializing buffer pool, size = 128.0M
2019-12-16 15:54:06 4412 [Note] InnoDB: Completed initialization of buffer pool
2019-12-16 15:54:06 4412 [Note] InnoDB: Setting log file .\ib_logfile101 size to 48 MB
2019-12-16 15:54:08 4412 [Note] InnoDB: Setting log file .\ib_logfile1 size to 48 MB
2019-12-16 15:54:09 4412 [Note] InnoDB: Renaming log file .\ib_logfile101 to .\ib_logfile0
2019-12-16 15:54:09 4412 [Warning] InnoDB: New log files created, LSN=1626134
2019-12-16 15:54:09 4412 [Note] InnoDB: Highest supported file format is Barracuda.
2019-12-16 15:54:09 530 InnoDB: Error: page 5 log sequence number 1626646
InnoDB: is in the future! Current system log sequence number 1626636.
InnoDB: Your database may be corrupt or you may have copied the InnoDB
InnoDB: tablespace but not the InnoDB log files. See
InnoDB: http://dev.mysql.com/doc/refman/5.6/en/forcing-innodb-recovery.html
InnoDB: for more information.
2019-12-16 15:54:09 4412 [Note] InnoDB: 128 rollback segment(s) are active.
2019-12-16 15:54:09 4412 [Note] InnoDB: Waiting for purge to start
2019-12-16 15:54:09 4412 [Note] InnoDB: 5.6.34 started; log sequence number 1626636
2019-12-16 15:54:09 4412 [Warning] No existing UUID has been found, so we assume that this is the first time that this server has been started. Generating a new UUID: 719dd203-2035-11ea-ba37-00ff4c05bfc4.
2019-12-16 15:54:10 4412 [Note] Server hostname (bind-address): '*'; port: 3306
2019-12-16 15:54:10 4412 [Note] IPv6 is available.
2019-12-16 15:54:10 4412 [Note]   - '::' resolves to '::';
2019-12-16 15:54:10 4412 [Note] Server socket created on IP: '::'.
2019-12-16 15:54:10 4412 [Note] Event Scheduler: Loaded 0 events
2019-12-16 15:54:10 4412 [Note] C:\Users\Alan\Documents\USBWebServer/mysql/bin/mysqld_usbwv8.exe: ready for connections.
Version: '5.6.34'  socket: ''  port: 3306  MySQL Community Server (GPL)
2019-12-16 15:54:18 3996 [Note] Plugin 'FEDERATED' is disabled.
2019-12-16 15:54:18 3996 [Note] InnoDB: Using atomics to ref count buffer pool pages
2019-12-16 15:54:18 3996 [Note] InnoDB: The InnoDB memory heap is disabled
2019-12-16 15:54:18 3996 [Note] InnoDB: Mutexes and rw_locks use Windows interlocked functions
2019-12-16 15:54:18 3996 [Note] InnoDB: Memory barrier is not used
2019-12-16 15:54:18 3996 [Note] InnoDB: Compressed tables use zlib 1.2.3
2019-12-16 15:54:18 3996 [Note] InnoDB: Not using CPU crc32 instructions
2019-12-16 15:54:18 3996 [Note] InnoDB: Initializing buffer pool, size = 128.0M
2019-12-16 15:54:18 3996 [Note] InnoDB: Completed initialization of buffer pool
2019-12-16 15:54:18 3996 [Note] InnoDB: Highest supported file format is Barracuda.
2019-12-16 15:54:18 3996 [Note] InnoDB: The log sequence numbers 1626134 and 1626134 in ibdata files do not match the log sequence number 1626646 in the ib_logfiles!
2019-12-16 15:54:18 3996 [Note] InnoDB: Database was not shutdown normally!
2019-12-16 15:54:18 3996 [Note] InnoDB: Starting crash recovery.
2019-12-16 15:54:18 3996 [Note] InnoDB: Reading tablespace information from the .ibd files...
2019-12-16 15:54:18 3996 [Note] InnoDB: Restoring possible half-written data pages 
2019-12-16 15:54:18 3996 [Note] InnoDB: from the doublewrite buffer...
2019-12-16 15:54:33 4580 [Note] Plugin 'FEDERATED' is disabled.
2019-12-16 15:54:33 4580 [Note] InnoDB: Using atomics to ref count buffer pool pages
2019-12-16 15:54:33 4580 [Note] InnoDB: The InnoDB memory heap is disabled
2019-12-16 15:54:33 4580 [Note] InnoDB: Mutexes and rw_locks use Windows interlocked functions
2019-12-16 15:54:33 4580 [Note] InnoDB: Memory barrier is not used
2019-12-16 15:54:33 4580 [Note] InnoDB: Compressed tables use zlib 1.2.3
2019-12-16 15:54:33 4580 [Note] InnoDB: Not using CPU crc32 instructions
2019-12-16 15:54:33 4580 [Note] InnoDB: Initializing buffer pool, size = 128.0M
2019-12-16 15:54:33 4580 [Note] InnoDB: Completed initialization of buffer pool
2019-12-16 15:54:33 4580 [Note] InnoDB: Highest supported file format is Barracuda.
2019-12-16 15:54:33 4580 [Note] InnoDB: The log sequence numbers 1626134 and 1626134 in ibdata files do not match the log sequence number 1626646 in the ib_logfiles!
2019-12-16 15:54:33 4580 [Note] InnoDB: Database was not shutdown normally!
2019-12-16 15:54:33 4580 [Note] InnoDB: Starting crash recovery.
2019-12-16 15:54:33 4580 [Note] InnoDB: Reading tablespace information from the .ibd files...
2019-12-16 15:54:33 4580 [Note] InnoDB: Restoring possible half-written data pages 
2019-12-16 15:54:33 4580 [Note] InnoDB: from the doublewrite buffer...
2019-12-16 15:54:34 4580 [Note] InnoDB: 128 rollback segment(s) are active.
2019-12-16 15:54:34 4580 [Note] InnoDB: Waiting for purge to start
2019-12-16 15:54:34 4580 [Note] InnoDB: 5.6.34 started; log sequence number 1626646
2019-12-16 15:54:34 4580 [Note] Server hostname (bind-address): '*'; port: 3306
2019-12-16 15:54:34 4580 [Note] IPv6 is available.
2019-12-16 15:54:34 4580 [Note]   - '::' resolves to '::';
2019-12-16 15:54:34 4580 [Note] Server socket created on IP: '::'.
2019-12-16 15:54:34 4580 [Note] Event Scheduler: Loaded 0 events
2019-12-16 15:54:34 4580 [Note] C:\Users\Alan\Documents\USBWebServer/mysql/bin/mysqld_usbwv8.exe: ready for connections.
Version: '5.6.34'  socket: ''  port: 3306  MySQL Community Server (GPL)
2019-12-16 15:54:47 2068 [Note] Plugin 'FEDERATED' is disabled.
2019-12-16 15:54:47 2068 [Note] InnoDB: Using atomics to ref count buffer pool pages
2019-12-16 15:54:47 2068 [Note] InnoDB: The InnoDB memory heap is disabled
2019-12-16 15:54:47 2068 [Note] InnoDB: Mutexes and rw_locks use Windows interlocked functions
2019-12-16 15:54:47 2068 [Note] InnoDB: Memory barrier is not used
2019-12-16 15:54:47 2068 [Note] InnoDB: Compressed tables use zlib 1.2.3
2019-12-16 15:54:47 2068 [Note] InnoDB: Not using CPU crc32 instructions
2019-12-16 15:54:47 2068 [Note] InnoDB: Initializing buffer pool, size = 128.0M
2019-12-16 15:54:47 2068 [Note] InnoDB: Completed initialization of buffer pool
2019-12-16 15:54:47 2068 [Note] InnoDB: Highest supported file format is Barracuda.
2019-12-16 15:54:47 2068 [Note] InnoDB: The log sequence numbers 1626134 and 1626134 in ibdata files do not match the log sequence number 1626656 in the ib_logfiles!
2019-12-16 15:54:47 2068 [Note] InnoDB: Database was not shutdown normally!
2019-12-16 15:54:47 2068 [Note] InnoDB: Starting crash recovery.
2019-12-16 15:54:47 2068 [Note] InnoDB: Reading tablespace information from the .ibd files...
2019-12-16 15:54:47 2068 [Note] InnoDB: Restoring possible half-written data pages 
2019-12-16 15:54:47 2068 [Note] InnoDB: from the doublewrite buffer...
2019-12-16 15:54:48 2068 [Note] InnoDB: 128 rollback segment(s) are active.
2019-12-16 15:54:48 2068 [Note] InnoDB: Waiting for purge to start
2019-12-16 15:54:48 2068 [Note] InnoDB: 5.6.34 started; log sequence number 1626656
2019-12-16 15:54:48 2068 [Note] Server hostname (bind-address): '*'; port: 3306
2019-12-16 15:54:48 2068 [Note] IPv6 is available.
2019-12-16 15:54:48 2068 [Note]   - '::' resolves to '::';
2019-12-16 15:54:48 2068 [Note] Server socket created on IP: '::'.
2019-12-16 15:54:48 2068 [Note] Event Scheduler: Loaded 0 events
2019-12-16 15:54:48 2068 [Note] C:\Users\Alan\Documents\USBWebServer/mysql/bin/mysqld_usbwv8.exe: ready for connections.
Version: '5.6.34'  socket: ''  port: 3306  MySQL Community Server (GPL)
